app/build/intermediates/manifest_merge_blame_file/release/processReleaseMainManifest/manifest-merger-blame-release-report.txt
1<?xml version="1.0" encoding="utf-8"?>
2<manifest xmlns:android="http://schemas.android.com/apk/res/android"
3    package="com.meshroute.app"
4    android:versionCode="1"
5    android:versionName="1.0.0" >
6
7    <uses-sdk
8        android:minSdkVersion="26"
9        android:targetSdkVersion="36" />
10
11    <!-- Location permissions (required for BLE scanning on Android < 12 and GPS capture) -->
12    <uses-permission android:name="android.permission.ACCESS_FINE_LOCATION" />
12-->src/main/AndroidManifest.xml:5:5-79
12-->src/main/AndroidManifest.xml:5:22-76
13    <uses-permission android:name="android.permission.ACCESS_COARSE_LOCATION" />
13-->src/main/AndroidManifest.xml:6:5-81
13-->src/main/AndroidManifest.xml:6:22-78
14
15    <!-- Bluetooth permissions for Android 12+ -->
16    <uses-permission
16-->src/main/AndroidManifest.xml:9:5-11:58
17        android:name="android.permission.BLUETOOTH_SCAN"
17-->src/main/AndroidManifest.xml:10:9-57
18        android:usesPermissionFlags="neverForLocation" />
18-->src/main/AndroidManifest.xml:11:9-55
19    <uses-permission android:name="android.permission.BLUETOOTH_ADVERTISE" />
19-->src/main/AndroidManifest.xml:12:5-78
19-->src/main/AndroidManifest.xml:12:22-75
20    <uses-permission android:name="android.permission.BLUETOOTH_CONNECT" />
20-->src/main/AndroidManifest.xml:13:5-76
20-->src/main/AndroidManifest.xml:13:22-73
21
22    <!-- Legacy Bluetooth permissions for Android 11 and lower -->
23    <uses-permission
23-->src/main/AndroidManifest.xml:16:5-95
24        android:name="android.permission.BLUETOOTH"
24-->src/main/AndroidManifest.xml:16:22-65
25        android:maxSdkVersion="30" />
25-->src/main/AndroidManifest.xml:16:66-92
26    <uses-permission
26-->src/main/AndroidManifest.xml:17:5-101
27        android:name="android.permission.BLUETOOTH_ADMIN"
27-->src/main/AndroidManifest.xml:17:22-71
28        android:maxSdkVersion="30" />
28-->src/main/AndroidManifest.xml:17:72-98
29
30    <!-- Wi-Fi Direct and Network permissions -->
31    <uses-permission android:name="android.permission.ACCESS_WIFI_STATE" />
31-->src/main/AndroidManifest.xml:20:5-76
31-->src/main/AndroidManifest.xml:20:22-73
32    <uses-permission android:name="android.permission.CHANGE_WIFI_STATE" />
32-->src/main/AndroidManifest.xml:21:5-76
32-->src/main/AndroidManifest.xml:21:22-73
33    <uses-permission android:name="android.permission.INTERNET" />
33-->src/main/AndroidManifest.xml:22:5-67
33-->src/main/AndroidManifest.xml:22:22-64
34    <uses-permission android:name="android.permission.ACCESS_NETWORK_STATE" />
34-->src/main/AndroidManifest.xml:23:5-79
34-->src/main/AndroidManifest.xml:23:22-76
35
36    <!-- Foreground Service & Power Management -->
37    <uses-permission android:name="android.permission.FOREGROUND_SERVICE" />
37-->src/main/AndroidManifest.xml:26:5-77
37-->src/main/AndroidManifest.xml:26:22-74
38    <uses-permission android:name="android.permission.FOREGROUND_SERVICE_CONNECTED_DEVICE" />
38-->src/main/AndroidManifest.xml:27:5-94
38-->src/main/AndroidManifest.xml:27:22-91
39    <uses-permission android:name="android.permission.WAKE_LOCK" />
39-->src/main/AndroidManifest.xml:28:5-68
39-->src/main/AndroidManifest.xml:28:22-65
40    <uses-permission android:name="android.permission.POST_NOTIFICATIONS" />
40-->src/main/AndroidManifest.xml:29:5-77
40-->src/main/AndroidManifest.xml:29:22-74
41
42    <!-- Hardware requirements -->
43    <uses-feature
43-->src/main/AndroidManifest.xml:32:5-90
44        android:name="android.hardware.bluetooth_le"
44-->src/main/AndroidManifest.xml:32:19-63
45        android:required="true" />
45-->src/main/AndroidManifest.xml:32:64-87
46    <uses-feature
46-->src/main/AndroidManifest.xml:33:5-91
47        android:name="android.hardware.location.gps"
47-->src/main/AndroidManifest.xml:33:19-63
48        android:required="false" />
48-->src/main/AndroidManifest.xml:33:64-88
49
50    <permission
50-->[androidx.core:core:1.15.0] AndroidManifest.xml:22:5-24:47
51        android:name="com.meshroute.app.DYNAMIC_RECEIVER_NOT_EXPORTED_PERMISSION"
51-->[androidx.core:core:1.15.0] AndroidManifest.xml:23:9-81
52        android:protectionLevel="signature" />
52-->[androidx.core:core:1.15.0] AndroidManifest.xml:24:9-44
53
54    <uses-permission android:name="com.meshroute.app.DYNAMIC_RECEIVER_NOT_EXPORTED_PERMISSION" />
54-->[androidx.core:core:1.15.0] AndroidManifest.xml:26:5-97
54-->[androidx.core:core:1.15.0] AndroidManifest.xml:26:22-94
55
56    <application
56-->src/main/AndroidManifest.xml:35:5-54:19
57        android:allowBackup="false"
57-->src/main/AndroidManifest.xml:36:9-36
58        android:appComponentFactory="androidx.core.app.CoreComponentFactory"
58-->[androidx.core:core:1.15.0] AndroidManifest.xml:28:18-86
59        android:dataExtractionRules="@xml/data_extraction_rules"
59-->src/main/AndroidManifest.xml:37:9-65
60        android:extractNativeLibs="false"
61        android:fullBackupContent="@xml/backup_rules"
61-->src/main/AndroidManifest.xml:38:9-54
62        android:icon="@mipmap/ic_launcher"
62-->src/main/AndroidManifest.xml:39:9-43
63        android:label="@string/app_name"
63-->src/main/AndroidManifest.xml:40:9-41
64        android:roundIcon="@mipmap/ic_launcher_round"
64-->src/main/AndroidManifest.xml:41:9-54
65        android:supportsRtl="true"
65-->src/main/AndroidManifest.xml:42:9-35
66        android:theme="@style/Theme.MeshRoute" >
66-->src/main/AndroidManifest.xml:43:9-47
67        <activity
67-->src/main/AndroidManifest.xml:45:9-53:20
68            android:name="com.meshroute.app.MainActivity"
68-->src/main/AndroidManifest.xml:46:13-41
69            android:exported="true"
69-->src/main/AndroidManifest.xml:47:13-36
70            android:theme="@style/Theme.MeshRoute" >
70-->src/main/AndroidManifest.xml:48:13-51
71            <intent-filter>
71-->src/main/AndroidManifest.xml:49:13-52:29
72                <action android:name="android.intent.action.MAIN" />
72-->src/main/AndroidManifest.xml:50:17-69
72-->src/main/AndroidManifest.xml:50:25-66
73
74                <category android:name="android.intent.category.LAUNCHER" />
74-->src/main/AndroidManifest.xml:51:17-77
74-->src/main/AndroidManifest.xml:51:27-74
75            </intent-filter>
76        </activity>
77
78        <provider
78-->[androidx.emoji2:emoji2:1.3.0] AndroidManifest.xml:24:9-32:20
79            android:name="androidx.startup.InitializationProvider"
79-->[androidx.emoji2:emoji2:1.3.0] AndroidManifest.xml:25:13-67
80            android:authorities="com.meshroute.app.androidx-startup"
80-->[androidx.emoji2:emoji2:1.3.0] AndroidManifest.xml:26:13-68
81            android:exported="false" >
81-->[androidx.emoji2:emoji2:1.3.0] AndroidManifest.xml:27:13-37
82            <meta-data
82-->[androidx.emoji2:emoji2:1.3.0] AndroidManifest.xml:29:13-31:52
83                android:name="androidx.emoji2.text.EmojiCompatInitializer"
83-->[androidx.emoji2:emoji2:1.3.0] AndroidManifest.xml:30:17-75
84                android:value="androidx.startup" />
84-->[androidx.emoji2:emoji2:1.3.0] AndroidManifest.xml:31:17-49
85            <meta-data
85-->[androidx.lifecycle:lifecycle-process:2.8.7] AndroidManifest.xml:29:13-31:52
86                android:name="androidx.lifecycle.ProcessLifecycleInitializer"
86-->[androidx.lifecycle:lifecycle-process:2.8.7] AndroidManifest.xml:30:17-78
87                android:value="androidx.startup" />
87-->[androidx.lifecycle:lifecycle-process:2.8.7] AndroidManifest.xml:31:17-49
88            <meta-data
88-->[androidx.profileinstaller:profileinstaller:1.4.0] AndroidManifest.xml:29:13-31:52
89                android:name="androidx.profileinstaller.ProfileInstallerInitializer"
89-->[androidx.profileinstaller:profileinstaller:1.4.0] AndroidManifest.xml:30:17-85
90                android:value="androidx.startup" />
90-->[androidx.profileinstaller:profileinstaller:1.4.0] AndroidManifest.xml:31:17-49
91        </provider>
92
93        <service
93-->[androidx.room:room-runtime:2.6.1] AndroidManifest.xml:24:9-28:63
94            android:name="androidx.room.MultiInstanceInvalidationService"
94-->[androidx.room:room-runtime:2.6.1] AndroidManifest.xml:25:13-74
95            android:directBootAware="true"
95-->[androidx.room:room-runtime:2.6.1] AndroidManifest.xml:26:13-43
96            android:exported="false" />
96-->[androidx.room:room-runtime:2.6.1] AndroidManifest.xml:27:13-37
97
98        <receiver
98-->[androidx.profileinstaller:profileinstaller:1.4.0] AndroidManifest.xml:34:9-52:20
99            android:name="androidx.profileinstaller.ProfileInstallReceiver"
99-->[androidx.profileinstaller:profileinstaller:1.4.0] AndroidManifest.xml:35:13-76
100            android:directBootAware="false"
100-->[androidx.profileinstaller:profileinstaller:1.4.0] AndroidManifest.xml:36:13-44
101            android:enabled="true"
101-->[androidx.profileinstaller:profileinstaller:1.4.0] AndroidManifest.xml:37:13-35
102            android:exported="true"
102-->[androidx.profileinstaller:profileinstaller:1.4.0] AndroidManifest.xml:38:13-36
103            android:permission="android.permission.DUMP" >
103-->[androidx.profileinstaller:profileinstaller:1.4.0] AndroidManifest.xml:39:13-57
104            <intent-filter>
104-->[androidx.profileinstaller:profileinstaller:1.4.0] AndroidManifest.xml:40:13-42:29
105                <action android:name="androidx.profileinstaller.action.INSTALL_PROFILE" />
105-->[androidx.profileinstaller:profileinstaller:1.4.0] AndroidManifest.xml:41:17-91
105-->[androidx.profileinstaller:profileinstaller:1.4.0] AndroidManifest.xml:41:25-88
106            </intent-filter>
107            <intent-filter>
107-->[androidx.profileinstaller:profileinstaller:1.4.0] AndroidManifest.xml:43:13-45:29
108                <action android:name="androidx.profileinstaller.action.SKIP_FILE" />
108-->[androidx.profileinstaller:profileinstaller:1.4.0] AndroidManifest.xml:44:17-85
108-->[androidx.profileinstaller:profileinstaller:1.4.0] AndroidManifest.xml:44:25-82
109            </intent-filter>
110            <intent-filter>
110-->[androidx.profileinstaller:profileinstaller:1.4.0] AndroidManifest.xml:46:13-48:29
111                <action android:name="androidx.profileinstaller.action.SAVE_PROFILE" />
111-->[androidx.profileinstaller:profileinstaller:1.4.0] AndroidManifest.xml:47:17-88
111-->[androidx.profileinstaller:profileinstaller:1.4.0] AndroidManifest.xml:47:25-85
112            </intent-filter>
113            <intent-filter>
113-->[androidx.profileinstaller:profileinstaller:1.4.0] AndroidManifest.xml:49:13-51:29
114                <action android:name="androidx.profileinstaller.action.BENCHMARK_OPERATION" />
114-->[androidx.profileinstaller:profileinstaller:1.4.0] AndroidManifest.xml:50:17-95
114-->[androidx.profileinstaller:profileinstaller:1.4.0] AndroidManifest.xml:50:25-92
115            </intent-filter>
116        </receiver>
117    </application>
118
119</manifest>